Mar-24 12:58:10.082 [main] DEBUG nextflow.cli.Launcher - $> nextflow run ./modules/nf-core/hlagenotype/main.nf --help
Mar-24 12:58:10.375 [main] DEBUG nextflow.cli.CmdRun - N E X T F L O W  ~  version 24.04.3
Mar-24 12:58:10.550 [main] DEBUG nextflow.plugin.PluginsFacade - Setting up plugin manager > mode=prod; embedded=false; plugins-dir=/home/natanast/.nextflow/plugins; core-plugins: nf-amazon@2.5.2,nf-azure@1.6.0,nf-cloudcache@0.4.1,nf-codecommit@0.2.0,nf-console@1.1.3,nf-ga4gh@1.3.0,nf-google@1.13.2-patch1,nf-tower@1.9.1,nf-wave@1.4.2
Mar-24 12:58:10.609 [main] INFO  o.pf4j.DefaultPluginStatusProvider - Enabled plugins: []
Mar-24 12:58:10.618 [main] INFO  o.pf4j.DefaultPluginStatusProvider - Disabled plugins: []
Mar-24 12:58:10.629 [main] INFO  org.pf4j.DefaultPluginManager - PF4J version 3.10.0 in 'deployment' mode
Mar-24 12:58:10.699 [main] INFO  org.pf4j.AbstractPluginManager - No plugins
Mar-24 12:58:10.911 [main] DEBUG n.secret.LocalSecretsProvider - Secrets store: /home/natanast/.nextflow/secrets/store.json
Mar-24 12:58:10.957 [main] DEBUG nextflow.secret.SecretsLoader - Discovered secrets providers: [nextflow.secret.LocalSecretsProvider@3044e9c7] - activable => nextflow.secret.LocalSecretsProvider@3044e9c7
Mar-24 12:58:11.164 [main] DEBUG nextflow.cli.CmdRun - Applied DSL=2 by global default
Mar-24 12:58:11.258 [main] DEBUG nextflow.cli.CmdRun - Launching `./modules/nf-core/hlagenotype/main.nf` [crazy_caravaggio] DSL2 - revision: 0126160126
Mar-24 12:58:11.266 [main] DEBUG nextflow.plugin.PluginsFacade - Plugins default=[]
Mar-24 12:58:11.269 [main] DEBUG nextflow.plugin.PluginsFacade - Plugins resolved requirement=[]
Mar-24 12:58:11.490 [main] DEBUG nextflow.Session - Session UUID: 8ff5ee3b-80d5-4cb0-9a28-4642fcae94c6
Mar-24 12:58:11.494 [main] DEBUG nextflow.Session - Run name: crazy_caravaggio
Mar-24 12:58:11.496 [main] DEBUG nextflow.Session - Executor pool size: 16
Mar-24 12:58:11.534 [main] DEBUG nextflow.file.FilePorter - File porter settings maxRetries=3; maxTransfers=50; pollTimeout=null
Mar-24 12:58:11.554 [main] DEBUG nextflow.util.ThreadPoolBuilder - Creating thread pool 'FileTransfer' minSize=10; maxSize=48; workQueue=LinkedBlockingQueue[10000]; allowCoreThreadTimeout=false
Mar-24 12:58:11.657 [main] DEBUG nextflow.cli.CmdRun - 
  Version: 24.04.3 build 5916
  Created: 09-07-2024 19:35 UTC (22:35 EEST)
  System: Linux 5.15.167.4-microsoft-standard-WSL2
  Runtime: Groovy 4.0.21 on OpenJDK 64-Bit Server VM 17.0.11-internal+0-adhoc..src
  Encoding: UTF-8 (UTF-8)
  Process: 9119@Natasa [127.0.1.1]
  CPUs: 16 - Mem: 7.4 GB (6.4 GB) - Swap: 2 GB (2 GB)
Mar-24 12:58:11.774 [main] DEBUG nextflow.Session - Work-dir: /mnt/c/Users/natan/Υπολογιστής/hlatyping_genotype/work [v9fs]
Mar-24 12:58:11.781 [main] DEBUG nextflow.Session - Script base path does not exist or is not a directory: /mnt/c/Users/natan/Υπολογιστής/hlatyping_genotype/modules/nf-core/hlagenotype/bin
Mar-24 12:58:11.818 [main] DEBUG nextflow.executor.ExecutorFactory - Extension executors providers=[]
Mar-24 12:58:11.847 [main] DEBUG nextflow.Session - Observer factory: DefaultObserverFactory
Mar-24 12:58:11.972 [main] DEBUG nextflow.cache.CacheFactory - Using Nextflow cache factory: nextflow.cache.DefaultCacheFactory
Mar-24 12:58:12.022 [main] DEBUG nextflow.util.CustomThreadPool - Creating default thread pool > poolSize: 17; maxThreads: 1000
Mar-24 12:58:12.524 [main] DEBUG nextflow.Session - Session start
Mar-24 12:58:14.837 [main] DEBUG nextflow.script.ScriptRunner - > Launching execution
Mar-24 12:58:14.906 [main] DEBUG nextflow.script.ScriptRunner - Parsed script files:
  Script_4bf075bee31e1ac7: /mnt/c/Users/natan/Υπολογιστής/hlatyping_genotype/modules/nf-core/hlagenotype/main.nf
Mar-24 12:58:14.908 [main] DEBUG nextflow.Session - Session aborted -- Cause: =============================================================================
=                                WARNING                                    =
= You are running this script using DSL2 syntax, however it does not        = 
= contain any 'workflow' definition so there's nothing for Nextflow to run. =
=                                                                           =
= If this script was written using Nextflow DSL1 syntax, please add the     = 
= setting 'nextflow.enable.dsl=1' to the nextflow.config file or use the    =
= command-line option '-dsl1' when running the pipeline.                    =
=                                                                           =
= More details at this link: https://www.nextflow.io/docs/latest/dsl2.html  =
=============================================================================

Mar-24 12:58:14.945 [main] DEBUG nextflow.cli.Launcher - Operation aborted
nextflow.exception.AbortOperationException: =============================================================================
=                                WARNING                                    =
= You are running this script using DSL2 syntax, however it does not        = 
= contain any 'workflow' definition so there's nothing for Nextflow to run. =
=                                                                           =
= If this script was written using Nextflow DSL1 syntax, please add the     = 
= setting 'nextflow.enable.dsl=1' to the nextflow.config file or use the    =
= command-line option '-dsl1' when running the pipeline.                    =
=                                                                           =
= More details at this link: https://www.nextflow.io/docs/latest/dsl2.html  =
=============================================================================

	at org.codehaus.groovy.vmplugin.v8.IndyInterface.fromCache(IndyInterface.java:321)
	at nextflow.script.BaseScript.run0(BaseScript.groovy:191)
	at org.codehaus.groovy.vmplugin.v8.IndyInterface.fromCache(IndyInterface.java:321)
	at nextflow.script.BaseScript.run(BaseScript.groovy:209)
	at nextflow.script.ScriptParser.runScript(ScriptParser.groovy:236)
	at nextflow.script.ScriptRunner.run(ScriptRunner.groovy:243)
	at nextflow.script.ScriptRunner.execute(ScriptRunner.groovy:138)
	at nextflow.cli.CmdRun.run(CmdRun.groovy:372)
	at nextflow.cli.Launcher.run(Launcher.groovy:503)
	at nextflow.cli.Launcher.main(Launcher.groovy:657)
